#
# There is insufficient memory for the Java Runtime Environment to continue.
# Native memory allocation (mmap) failed to map 43515904 bytes for committing reserved memory.
# Possible reasons:
#   The system is out of physical RAM or swap space
#   The process is running with CompressedOops enabled, and the Java Heap may be blocking the growth of the native heap
# Possible solutions:
#   Reduce memory load on the system
#   Increase physical memory or swap space
#   Check if swap backing store is full
#   Decrease Java heap size (-Xmx/-Xms)
#   Decrease number of Java threads
#   Decrease Java thread stack sizes (-Xss)
#   Set larger code cache with -XX:ReservedCodeCacheSize=
#   JVM is running with Unscaled Compressed Oops mode in which the Java heap is
#     placed in the first 4GB address space. The Java Heap base address is the
#     maximum limit for the native heap growth. Please use -XX:HeapBaseMinAddress
#     to set the Java Heap base and to place the Java Heap above 4GB virtual address.
# This output file may be truncated or incomplete.
#
#  Out of Memory Error (os_linux.cpp:2749), pid=9670, tid=0x00007fb8045fc700
#
# JRE version: Java(TM) SE Runtime Environment (8.0_201-b09) (build 1.8.0_201-b09)
# Java VM: Java HotSpot(TM) 64-Bit Server VM (25.201-b09 mixed mode linux-amd64 compressed oops)
# Failed to write core dump. Core dumps have been disabled. To enable core dumping, try "ulimit -c unlimited" before starting Java again
#

---------------  T H R E A D  ---------------

Current thread (0x00007fb814073800):  VMThread [stack: 0x00007fb8044fd000,0x00007fb8045fd000] [id=9690]

Stack: [0x00007fb8044fd000,0x00007fb8045fd000],  sp=0x00007fb8045fb410,  free space=1017k
Native frames: (J=compiled Java code, j=interpreted, Vv=VM code, C=native code)
V  [libjvm.so+0xad3525]  VMError::report_and_die()+0x2e5
V  [libjvm.so+0x4e0457]  report_vm_out_of_memory(char const*, int, unsigned long, VMErrorType, char const*)+0x67
V  [libjvm.so+0x9102f0]  os::pd_commit_memory(char*, unsigned long, unsigned long, bool)+0x100
V  [libjvm.so+0x90791f]  os::commit_memory(char*, unsigned long, unsigned long, bool)+0x1f
V  [libjvm.so+0x98c806]  PSVirtualSpace::expand_by(unsigned long)+0x56
V  [libjvm.so+0x98da98]  PSYoungGen::resize(unsigned long, unsigned long)+0xd8
V  [libjvm.so+0x98a236]  PSScavenge::invoke_no_policy()+0x1376
V  [libjvm.so+0x98a5cc]  PSScavenge::invoke()+0x4c
V  [libjvm.so+0x93a318]  ParallelScavengeHeap::failed_mem_allocate(unsigned long)+0x68
V  [libjvm.so+0xad5073]  VM_ParallelGCFailedAllocation::doit()+0x93
V  [libjvm.so+0xada296]  VM_Operation::evaluate()+0x46
V  [libjvm.so+0xad85cd]  VMThread::evaluate_operation(VM_Operation*) [clone .constprop.44]+0xcd
V  [libjvm.so+0xad8bb3]  VMThread::loop()+0x3a3
V  [libjvm.so+0xad8f88]  VMThread::run()+0x78
V  [libjvm.so+0x90d922]  java_start(Thread*)+0x102

VM_Operation (0x00007fb81ca3a580): ParallelGCFailedAllocation, mode: safepoint, requested by thread 0x00007fb814009800


---------------  P R O C E S S  ---------------

Java Threads: ( => current thread )
  0x00007fb8140c5000 JavaThread "Service Thread" daemon [_thread_blocked, id=9696, stack(0x00007fb7e98d5000,0x00007fb7e99d6000)]
  0x00007fb8140b8000 JavaThread "C1 CompilerThread1" daemon [_thread_blocked, id=9695, stack(0x00007fb7e99d7000,0x00007fb7e9ad7000)]
  0x00007fb8140b5000 JavaThread "C2 CompilerThread0" daemon [_thread_blocked, id=9694, stack(0x00007fb8040f9000,0x00007fb8041f9000)]
  0x00007fb8140b3800 JavaThread "Signal Dispatcher" daemon [_thread_blocked, id=9693, stack(0x00007fb8041f9000,0x00007fb8042fa000)]
  0x00007fb814080000 JavaThread "Finalizer" daemon [_thread_blocked, id=9692, stack(0x00007fb8042fa000,0x00007fb8043fb000)]
  0x00007fb81407d800 JavaThread "Reference Handler" daemon [_thread_blocked, id=9691, stack(0x00007fb8043fb000,0x00007fb8044fc000)]
  0x00007fb814009800 JavaThread "main" [_thread_blocked, id=9687, stack(0x00007fb81c93e000,0x00007fb81ca3e000)]

Other Threads:
=>0x00007fb814073800 VMThread [stack: 0x00007fb8044fd000,0x00007fb8045fd000] [id=9690]
  0x00007fb8140c7800 WatcherThread [stack: 0x00007fb7e97d5000,0x00007fb7e98d5000] [id=9697]

VM state:at safepoint (normal execution)

VM Mutex/Monitor currently owned by a thread:  ([mutex/lock_event])
[0x00007fb814007170] Threads_lock - owner thread: 0x00007fb814073800
[0x00007fb814007670] Heap_lock - owner thread: 0x00007fb814009800

heap address: 0x00000000e2600000, size: 474 MB, Compressed Oops mode: 32-bit
Narrow klass base: 0x0000000000000000, Narrow klass shift: 3
Compressed class space size: 1073741824 Address: 0x0000000100000000

Heap:
 PSYoungGen      total 69632K, used 6641K [0x00000000f6200000, 0x00000000fad00000, 0x0000000100000000)
  eden space 62976K, 0% used [0x00000000f6200000,0x00000000f6200000,0x00000000f9f80000)
  from space 6656K, 99% used [0x00000000f9f80000,0x00000000fa5fc7a0,0x00000000fa600000)
  to   space 6144K, 0% used [0x00000000fa600000,0x00000000fa600000,0x00000000fac00000)
 ParOldGen       total 20480K, used 12614K [0x00000000e2600000, 0x00000000e3a00000, 0x00000000f6200000)
  object space 20480K, 61% used [0x00000000e2600000,0x00000000e32518c0,0x00000000e3a00000)
 Metaspace       used 20315K, capacity 20820K, committed 21120K, reserved 1067008K
  class space    used 2485K, capacity 2623K, committed 2688K, reserved 1048576K

Card table byte_map: [0x00007fb819c27000,0x00007fb819d15000] byte_map_base: 0x00007fb819514000

Marking Bits: (ParMarkBitMap*) 0x00007fb81be17d80
 Begin Bits: [0x00007fb818b55000, 0x00007fb8192bd000)
 End Bits:   [0x00007fb8192bd000, 0x00007fb819a25000)

Polling page: 0x00007fb81ca59000

CodeCache: size=245760Kb used=8542Kb max_used=8554Kb free=237217Kb
 bounds [0x00007fb805000000, 0x00007fb805870000, 0x00007fb814000000]
 total_blobs=3196 nmethods=2817 adapters=292
 compilation: enabled

Compilation events (10 events):
Event: 44,691 Thread 0x00007fb8140b5000 nmethod 2852 0x00007fb80585d010 code [0x00007fb80585d160, 0x00007fb80585d3f8]
Event: 44,691 Thread 0x00007fb8140b5000 2855       4       java.util.jar.Manifest$FastInputStream::readLine (167 bytes)
Event: 44,738 Thread 0x00007fb8140b5000 nmethod 2855 0x00007fb80585e750 code [0x00007fb80585e8c0, 0x00007fb80585ed08]
Event: 44,738 Thread 0x00007fb8140b5000 2853       4       java.util.jar.Attributes$Name::isValid (45 bytes)
Event: 44,790 Thread 0x00007fb8140b5000 nmethod 2853 0x00007fb80585dfd0 code [0x00007fb80585e140, 0x00007fb80585e4b8]
Event: 44,791 Thread 0x00007fb8140b5000 2854       4       java.lang.String::<init> (100 bytes)
Event: 44,833 Thread 0x00007fb8140b8000 2860       3       java.util.jar.Manifest$FastInputStream::fill (38 bytes)
Event: 44,833 Thread 0x00007fb8140b8000 nmethod 2860 0x00007fb80585db10 code [0x00007fb80585dc80, 0x00007fb80585df08]
Event: 44,844 Thread 0x00007fb8140b5000 nmethod 2854 0x00007fb805860a50 code [0x00007fb805860bc0, 0x00007fb805860ef8]
Event: 44,844 Thread 0x00007fb8140b5000 2857   !   4       java.util.jar.Attributes::read (380 bytes)

GC Heap History (10 events):
Event: 3,606 GC heap after
Heap after GC invocations=4 (full 0):
 PSYoungGen      total 17408K, used 1024K [0x00000000f6200000, 0x00000000f7400000, 0x0000000100000000)
  eden space 16384K, 0% used [0x00000000f6200000,0x00000000f6200000,0x00000000f7200000)
  from space 1024K, 100% used [0x00000000f7300000,0x00000000f7400000,0x00000000f7400000)
  to   space 1024K, 0% used [0x00000000f7200000,0x00000000f7200000,0x00000000f7300000)
 ParOldGen       total 20480K, used 3879K [0x00000000e2600000, 0x00000000e3a00000, 0x00000000f6200000)
  object space 20480K, 18% used [0x00000000e2600000,0x00000000e29c9da0,0x00000000e3a00000)
 Metaspace       used 7920K, capacity 8028K, committed 8192K, reserved 1056768K
  class space    used 975K, capacity 1020K, committed 1024K, reserved 1048576K
}
Event: 7,349 GC heap before
{Heap before GC invocations=5 (full 0):
 PSYoungGen      total 17408K, used 17408K [0x00000000f6200000, 0x00000000f7400000, 0x0000000100000000)
  eden space 16384K, 100% used [0x00000000f6200000,0x00000000f7200000,0x00000000f7200000)
  from space 1024K, 100% used [0x00000000f7300000,0x00000000f7400000,0x00000000f7400000)
  to   space 1024K, 0% used [0x00000000f7200000,0x00000000f7200000,0x00000000f7300000)
 ParOldGen       total 20480K, used 3879K [0x00000000e2600000, 0x00000000e3a00000, 0x00000000f6200000)
  object space 20480K, 18% used [0x00000000e2600000,0x00000000e29c9da0,0x00000000e3a00000)
 Metaspace       used 9695K, capacity 9876K, committed 9984K, reserved 1058816K
  class space    used 1187K, capacity 1249K, committed 1280K, reserved 1048576K
Event: 7,372 GC heap after
Heap after GC invocations=5 (full 0):
 PSYoungGen      total 17408K, used 1024K [0x00000000f6200000, 0x00000000f8900000, 0x0000000100000000)
  eden space 16384K, 0% used [0x00000000f6200000,0x00000000f6200000,0x00000000f7200000)
  from space 1024K, 100% used [0x00000000f7200000,0x00000000f7300000,0x00000000f7300000)
  to   space 3584K, 0% used [0x00000000f8580000,0x00000000f8580000,0x00000000f8900000)
 ParOldGen       total 20480K, used 6480K [0x00000000e2600000, 0x00000000e3a00000, 0x00000000f6200000)
  object space 20480K, 31% used [0x00000000e2600000,0x00000000e2c54168,0x00000000e3a00000)
 Metaspace       used 9695K, capacity 9876K, committed 9984K, reserved 1058816K
  class space    used 1187K, capacity 1249K, committed 1280K, reserved 1048576K
}
Event: 26,894 GC heap before
{Heap before GC invocations=6 (full 0):
 PSYoungGen      total 17408K, used 17408K [0x00000000f6200000, 0x00000000f8900000, 0x0000000100000000)
  eden space 16384K, 100% used [0x00000000f6200000,0x00000000f7200000,0x00000000f7200000)
  from space 1024K, 100% used [0x00000000f7200000,0x00000000f7300000,0x00000000f7300000)
  to   space 3584K, 0% used [0x00000000f8580000,0x00000000f8580000,0x00000000f8900000)
 ParOldGen       total 20480K, used 6480K [0x00000000e2600000, 0x00000000e3a00000, 0x00000000f6200000)
  object space 20480K, 31% used [0x00000000e2600000,0x00000000e2c54168,0x00000000e3a00000)
 Metaspace       used 11647K, capacity 11862K, committed 12160K, reserved 1060864K
  class space    used 1451K, capacity 1546K, committed 1664K, reserved 1048576K
Event: 26,912 GC heap after
Heap after GC invocations=6 (full 0):
 PSYoungGen      total 35328K, used 3565K [0x00000000f6200000, 0x00000000f8b00000, 0x0000000100000000)
  eden space 31744K, 0% used [0x00000000f6200000,0x00000000f6200000,0x00000000f8100000)
  from space 3584K, 99% used [0x00000000f8580000,0x00000000f88fb7d8,0x00000000f8900000)
  to   space 4608K, 0% used [0x00000000f8100000,0x00000000f8100000,0x00000000f8580000)
 ParOldGen       total 20480K, used 6687K [0x00000000e2600000, 0x00000000e3a00000, 0x00000000f6200000)
  object space 20480K, 32% used [0x00000000e2600000,0x00000000e2c87ec8,0x00000000e3a00000)
 Metaspace       used 11647K, capacity 11862K, committed 12160K, reserved 1060864K
  class space    used 1451K, capacity 1546K, committed 1664K, reserved 1048576K
}
Event: 29,799 GC heap before
{Heap before GC invocations=7 (full 0):
 PSYoungGen      total 35328K, used 35309K [0x00000000f6200000, 0x00000000f8b00000, 0x0000000100000000)
  eden space 31744K, 100% used [0x00000000f6200000,0x00000000f8100000,0x00000000f8100000)
  from space 3584K, 99% used [0x00000000f8580000,0x00000000f88fb7d8,0x00000000f8900000)
  to   space 4608K, 0% used [0x00000000f8100000,0x00000000f8100000,0x00000000f8580000)
 ParOldGen       total 20480K, used 6687K [0x00000000e2600000, 0x00000000e3a00000, 0x00000000f6200000)
  object space 20480K, 32% used [0x00000000e2600000,0x00000000e2c87ec8,0x00000000e3a00000)
 Metaspace       used 14950K, capacity 15224K, committed 15616K, reserved 1062912K
  class space    used 1829K, capacity 1949K, committed 2048K, reserved 1048576K
Event: 29,837 GC heap after
Heap after GC invocations=7 (full 0):
 PSYoungGen      total 36352K, used 4584K [0x00000000f6200000, 0x00000000fac00000, 0x0000000100000000)
  eden space 31744K, 0% used [0x00000000f6200000,0x00000000f6200000,0x00000000f8100000)
  from space 4608K, 99% used [0x00000000f8100000,0x00000000f857a3d0,0x00000000f8580000)
  to   space 6144K, 0% used [0x00000000fa600000,0x00000000fa600000,0x00000000fac00000)
 ParOldGen       total 20480K, used 8333K [0x00000000e2600000, 0x00000000e3a00000, 0x00000000f6200000)
  object space 20480K, 40% used [0x00000000e2600000,0x00000000e2e23648,0x00000000e3a00000)
 Metaspace       used 14950K, capacity 15224K, committed 15616K, reserved 1062912K
  class space    used 1829K, capacity 1949K, committed 2048K, reserved 1048576K
}
Event: 31,804 GC heap before
{Heap before GC invocations=8 (full 0):
 PSYoungGen      total 36352K, used 36328K [0x00000000f6200000, 0x00000000fac00000, 0x0000000100000000)
  eden space 31744K, 100% used [0x00000000f6200000,0x00000000f8100000,0x00000000f8100000)
  from space 4608K, 99% used [0x00000000f8100000,0x00000000f857a3d0,0x00000000f8580000)
  to   space 6144K, 0% used [0x00000000fa600000,0x00000000fa600000,0x00000000fac00000)
 ParOldGen       total 20480K, used 8333K [0x00000000e2600000, 0x00000000e3a00000, 0x00000000f6200000)
  object space 20480K, 40% used [0x00000000e2600000,0x00000000e2e23648,0x00000000e3a00000)
 Metaspace       used 16005K, capacity 16462K, committed 16768K, reserved 1064960K
  class space    used 1943K, capacity 2062K, committed 2176K, reserved 1048576K
Event: 31,870 GC heap after
Heap after GC invocations=8 (full 0):
 PSYoungGen      total 69120K, used 5547K [0x00000000f6200000, 0x00000000fad00000, 0x0000000100000000)
  eden space 62976K, 0% used [0x00000000f6200000,0x00000000f6200000,0x00000000f9f80000)
  from space 6144K, 90% used [0x00000000fa600000,0x00000000fab6aff0,0x00000000fac00000)
  to   space 6656K, 0% used [0x00000000f9f80000,0x00000000f9f80000,0x00000000fa600000)
 ParOldGen       total 20480K, used 8469K [0x00000000e2600000, 0x00000000e3a00000, 0x00000000f6200000)
  object space 20480K, 41% used [0x00000000e2600000,0x00000000e2e45648,0x00000000e3a00000)
 Metaspace       used 16005K, capacity 16462K, committed 16768K, reserved 1064960K
  class space    used 1943K, capacity 2062K, committed 2176K, reserved 1048576K
}
Event: 44,908 GC heap before
{Heap before GC invocations=9 (full 0):
 PSYoungGen      total 69120K, used 68523K [0x00000000f6200000, 0x00000000fad00000, 0x0000000100000000)
  eden space 62976K, 100% used [0x00000000f6200000,0x00000000f9f80000,0x00000000f9f80000)
  from space 6144K, 90% used [0x00000000fa600000,0x00000000fab6aff0,0x00000000fac00000)
  to   space 6656K, 0% used [0x00000000f9f80000,0x00000000f9f80000,0x00000000fa600000)
 ParOldGen       total 20480K, used 8469K [0x00000000e2600000, 0x00000000e3a00000, 0x00000000f6200000)
  object space 20480K, 41% used [0x00000000e2600000,0x00000000e2e45648,0x00000000e3a00000)
 Metaspace       used 20315K, capacity 20820K, committed 21120K, reserved 1067008K
  class space    used 2485K, capacity 2623K, committed 2688K, reserved 1048576K

Deoptimization events (10 events):
Event: 32,844 Thread 0x00007fb814009800 Uncommon trap: reason=speculate_class_check action=maybe_recompile pc=0x00007fb8056b3744 method=java.nio.charset.CharsetDecoder.decode(Ljava/nio/ByteBuffer;Ljava/nio/CharBuffer;Z)Ljava/nio/charset/CoderResult; @ 57
Event: 32,890 Thread 0x00007fb814009800 Uncommon trap: reason=class_check action=maybe_recompile pc=0x00007fb805764888 method=java.util.regex.Pattern$7.isSatisfiedBy(I)Z @ 16
Event: 32,890 Thread 0x00007fb814009800 Uncommon trap: reason=class_check action=maybe_recompile pc=0x00007fb805764888 method=java.util.regex.Pattern$7.isSatisfiedBy(I)Z @ 16
Event: 32,890 Thread 0x00007fb814009800 Uncommon trap: reason=class_check action=maybe_recompile pc=0x00007fb80576489c method=java.util.regex.Pattern$CharProperty$1.isSatisfiedBy(I)Z @ 5
Event: 32,890 Thread 0x00007fb814009800 Uncommon trap: reason=class_check action=maybe_recompile pc=0x00007fb805764888 method=java.util.regex.Pattern$7.isSatisfiedBy(I)Z @ 16
Event: 32,890 Thread 0x00007fb814009800 Uncommon trap: reason=class_check action=maybe_recompile pc=0x00007fb805764888 method=java.util.regex.Pattern$7.isSatisfiedBy(I)Z @ 16
Event: 33,203 Thread 0x00007fb814009800 Uncommon trap: reason=bimorphic action=maybe_recompile pc=0x00007fb8055ec2d0 method=java.util.concurrent.ConcurrentHashMap.get(Ljava/lang/Object;)Ljava/lang/Object; @ 149
Event: 33,221 Thread 0x00007fb814009800 Uncommon trap: reason=bimorphic action=maybe_recompile pc=0x00007fb8055ec2d0 method=java.util.concurrent.ConcurrentHashMap.get(Ljava/lang/Object;)Ljava/lang/Object; @ 149
Event: 33,599 Thread 0x00007fb814009800 Uncommon trap: reason=bimorphic action=maybe_recompile pc=0x00007fb8055ec2d0 method=java.util.concurrent.ConcurrentHashMap.get(Ljava/lang/Object;)Ljava/lang/Object; @ 149
Event: 44,541 Thread 0x00007fb814009800 Uncommon trap: reason=unstable_if action=reinterpret pc=0x00007fb805362b88 method=java.util.jar.Manifest$FastInputStream.readLine([BII)I @ 87

Classes redefined (0 events):
No events

Internal exceptions (10 events):
Event: 28,187 Thread 0x00007fb814009800 Exception <a 'java/lang/NullPointerException'> (0x00000000f7070498) thrown at [/HUDSON/workspace/8-2-build-linux-amd64/jdk8u201/12317/hotspot/src/share/vm/interpreter/linkResolver.cpp, line 1185]
Event: 28,187 Thread 0x00007fb814009800 Exception <a 'java/lang/NullPointerException'> (0x00000000f70706b0) thrown at [/HUDSON/workspace/8-2-build-linux-amd64/jdk8u201/12317/hotspot/src/share/vm/interpreter/linkResolver.cpp, line 1185]
Event: 28,188 Thread 0x00007fb814009800 Exception <a 'java/lang/NullPointerException'> (0x00000000f70708c8) thrown at [/HUDSON/workspace/8-2-build-linux-amd64/jdk8u201/12317/hotspot/src/share/vm/interpreter/linkResolver.cpp, line 1185]
Event: 28,189 Thread 0x00007fb814009800 Exception <a 'java/lang/NullPointerException'> (0x00000000f7078878) thrown at [/HUDSON/workspace/8-2-build-linux-amd64/jdk8u201/12317/hotspot/src/share/vm/interpreter/linkResolver.cpp, line 1185]
Event: 28,189 Thread 0x00007fb814009800 Exception <a 'java/lang/NullPointerException'> (0x00000000f7078a90) thrown at [/HUDSON/workspace/8-2-build-linux-amd64/jdk8u201/12317/hotspot/src/share/vm/interpreter/linkResolver.cpp, line 1185]
Event: 28,189 Thread 0x00007fb814009800 Exception <a 'java/lang/NullPointerException'> (0x00000000f7078ca8) thrown at [/HUDSON/workspace/8-2-build-linux-amd64/jdk8u201/12317/hotspot/src/share/vm/interpreter/linkResolver.cpp, line 1185]
Event: 29,113 Thread 0x00007fb814009800 Implicit null exception at 0x00007fb80525f275 to 0x00007fb80525f459
Event: 29,113 Thread 0x00007fb814009800 Implicit null exception at 0x00007fb8054135af to 0x00007fb805413619
Event: 30,090 Thread 0x00007fb814009800 Implicit null exception at 0x00007fb8055ef609 to 0x00007fb8055f0125
Event: 35,384 Thread 0x00007fb814009800 Exception <a 'java/lang/ClassNotFoundException': com/sun/tools/javac/api/JavacTool> (0x00000000f8aca8d0) thrown at [/HUDSON/workspace/8-2-build-linux-amd64/jdk8u201/12317/hotspot/src/share/vm/classfile/systemDictionary.cpp, line 210]

Events (10 events):
Event: 44,541 Thread 0x00007fb814009800 DEOPT UNPACKING pc=0x00007fb80504573a sp=0x00007fb81ca3a880 mode 2
Event: 44,686 Thread 0x00007fb814009800 DEOPT PACKING pc=0x00007fb80583dc2b sp=0x00007fb81ca3a960
Event: 44,686 Thread 0x00007fb814009800 DEOPT UNPACKING pc=0x00007fb805047784 sp=0x00007fb81ca3a6a0 mode 0
Event: 44,689 Thread 0x00007fb814009800 DEOPT PACKING pc=0x00007fb80583dc2b sp=0x00007fb81ca3a960
Event: 44,689 Thread 0x00007fb814009800 DEOPT UNPACKING pc=0x00007fb805047784 sp=0x00007fb81ca3a6a0 mode 0
Event: 44,731 Thread 0x00007fb814009800 DEOPT PACKING pc=0x00007fb80583dc2b sp=0x00007fb81ca3a960
Event: 44,731 Thread 0x00007fb814009800 DEOPT UNPACKING pc=0x00007fb805047784 sp=0x00007fb81ca3a6a0 mode 0
Event: 44,734 Thread 0x00007fb814009800 DEOPT PACKING pc=0x00007fb80583dc2b sp=0x00007fb81ca3a960
Event: 44,734 Thread 0x00007fb814009800 DEOPT UNPACKING pc=0x00007fb805047784 sp=0x00007fb81ca3a6a0 mode 0
Event: 44,906 Executing VM operation: ParallelGCFailedAllocation


Dynamic libraries:
00400000-00401000 r-xp 00000000 fd:03 58720629                           /home/java/jdk1.8.0_201/bin/java
00600000-00601000 r--p 00000000 fd:03 58720629                           /home/java/jdk1.8.0_201/bin/java
00601000-00602000 rw-p 00001000 fd:03 58720629                           /home/java/jdk1.8.0_201/bin/java
00ba6000-00bc7000 rw-p 00000000 00:00 0                                  [heap]
e2600000-e3a00000 rw-p 00000000 00:00 0 
e3a00000-f6200000 ---p 00000000 00:00 0 
f6200000-fad00000 rw-p 00000000 00:00 0 
fd680000-100000000 ---p 00000000 00:00 0 
100000000-1002a0000 rw-p 00000000 00:00 0 
1002a0000-140000000 ---p 00000000 00:00 0 
7fb7d4000000-7fb7d4021000 rw-p 00000000 00:00 0 
7fb7d4021000-7fb7d8000000 ---p 00000000 00:00 0 
7fb7d8000000-7fb7d8021000 rw-p 00000000 00:00 0 
7fb7d8021000-7fb7dc000000 ---p 00000000 00:00 0 
7fb7dc000000-7fb7ddcb6000 rw-p 00000000 00:00 0 
7fb7ddcb6000-7fb7e0000000 ---p 00000000 00:00 0 
7fb7e0000000-7fb7e0727000 rw-p 00000000 00:00 0 
7fb7e0727000-7fb7e4000000 ---p 00000000 00:00 0 
7fb7e4000000-7fb7e4021000 rw-p 00000000 00:00 0 
7fb7e4021000-7fb7e8000000 ---p 00000000 00:00 0 
7fb7e847e000-7fb7e847f000 rw-p 00000000 00:00 0 
7fb7e847f000-7fb7e8486000 r--s 00000000 fd:00 281884                     /usr/lib64/gconv/gconv-modules.cache
7fb7e8486000-7fb7e84aa000 r--p 00000000 fd:00 264146                     /usr/share/locale/pl/LC_MESSAGES/libc.mo
7fb7e84aa000-7fb7e84d8000 r--s 00472000 fd:03 34032393                   /home/java/.m2/repository/org/primefaces/primefaces/7.0/primefaces-7.0.jar
7fb7e84d8000-7fb7e86d8000 rw-p 00000000 00:00 0 
7fb7e86d8000-7fb7e8751000 r--s 010fd000 fd:03 34741344                   /home/java/jdk1.8.0_201/lib/tools.jar
7fb7e8751000-7fb7e8753000 r--s 00004000 fd:03 42080412                   /home/java/.m2/repository/org/codehaus/plexus/plexus-compiler-javac/2.8.4/plexus-compiler-javac-2.8.4.jar
7fb7e8753000-7fb7e8755000 r--s 00000000 fd:03 25234354                   /home/java/.m2/repository/org/codehaus/plexus/plexus-compiler-manager/2.8.4/plexus-compiler-manager-2.8.4.jar
7fb7e8755000-7fb7e8757000 r--s 00005000 fd:03 17314421                   /home/java/.m2/repository/org/codehaus/plexus/plexus-compiler-api/2.8.4/plexus-compiler-api-2.8.4.jar
7fb7e8757000-7fb7e875e000 r--s 00047000 fd:03 38686497                   /home/java/.m2/repository/com/thoughtworks/qdox/qdox/2.0-M9/qdox-2.0-M9.jar
7fb7e875e000-7fb7e8760000 r--s 0001a000 fd:03 42080410                   /home/java/.m2/repository/org/ow2/asm/asm/6.2/asm-6.2.jar
7fb7e8760000-7fb7e8762000 r--s 00008000 fd:03 51828054                   /home/java/.m2/repository/org/codehaus/plexus/plexus-java/0.9.10/plexus-java-0.9.10.jar
7fb7e8762000-7fb7e8764000 r--s 00002000 fd:03 42080408                   /home/java/.m2/repository/org/apache/maven/shared/maven-shared-incremental/1.1/maven-shared-incremental-1.1.jar
7fb7e8764000-7fb7e8768000 r--s 0002f000 fd:03 51483667                   /home/java/.m2/repository/commons-io/commons-io/2.5/commons-io-2.5.jar
7fb7e8768000-7fb7e876b000 r--s 00026000 fd:03 40226                      /home/java/.m2/repository/org/apache/maven/shared/maven-shared-utils/3.2.1/maven-shared-utils-3.2.1.jar
7fb7e876b000-7fb7e876d000 r--s 00002000 fd:03 25234352                   /home/java/.m2/repository/org/sonatype/plexus/plexus-cipher/1.4/plexus-cipher-1.4.jar
7fb7e876d000-7fb7e876e000 r--s 00006000 fd:03 42080406                   /home/java/.m2/repository/org/sonatype/plexus/plexus-sec-dispatcher/1.3/plexus-sec-dispatcher-1.3.jar
7fb7e876e000-7fb7e8770000 r--s 00000000 fd:03 11513442                   /home/java/.m2/repository/org/codehaus/plexus/plexus-component-annotations/1.7.1/plexus-component-annotations-1.7.1.jar
7fb7e8770000-7fb7e8772000 r--s 0000d000 fd:03 11513440                   /home/java/.m2/repository/org/codehaus/plexus/plexus-interpolation/1.14/plexus-interpolation-1.14.jar
7fb7e8772000-7fb7e8776000 r--s 00017000 fd:03 11482531                   /home/java/.m2/repository/org/sonatype/aether/aether-util/1.7/aether-util-1.7.jar
7fb7e8776000-7fb7e877a000 r--s 00033000 fd:03 51828052                   /home/java/.m2/repository/org/codehaus/plexus/plexus-utils/2.0.4/plexus-utils-2.0.4.jar
7fb7e877a000-7fb7e8785000 r--s 00069000 fd:03 25171680                   /home/java/.m2/repository/org/sonatype/sisu/sisu-guice/2.1.7/sisu-guice-2.1.7-noaop.jar
7fb7e8785000-7fb7e878a000 r--s 00021000 fd:03 11482515                   /home/java/.m2/repository/org/sonatype/sisu/sisu-inject-bean/1.4.2/sisu-inject-bean-1.4.2.jar
7fb7e878a000-7fb7e878c000 r--s 0000e000 fd:03 16818411                   /home/java/.m2/repository/org/apache/maven/plugins/maven-compiler-plugin/3.8.0/maven-compiler-plugin-3.8.0.jar
7fb7e878c000-7fb7e898c000 rw-p 00000000 00:00 0 
7fb7e898c000-7fb7e898e000 r--s 0000d000 fd:03 42077970                   /home/java/.m2/repository/org/codehaus/plexus/plexus-interpolation/1.13/plexus-interpolation-1.13.jar
7fb7e898e000-7fb7e898f000 r--s 00001000 fd:03 34741205                   /home/java/.m2/repository/org/sonatype/plexus/plexus-build-api/0.0.4/plexus-build-api-0.0.4.jar
7fb7e898f000-7fb7e8991000 r--s 00009000 fd:03 34741203                   /home/java/.m2/repository/org/apache/maven/shared/maven-filtering/1.1/maven-filtering-1.1.jar
7fb7e8991000-7fb7e8995000 r--s 00033000 fd:03 654836                     /home/java/.m2/repository/org/codehaus/plexus/plexus-utils/2.0.5/plexus-utils-2.0.5.jar
7fb7e8995000-7fb7e8998000 r--s 0001b000 fd:03 11357219                   /home/java/.m2/repository/junit/junit/3.8.1/junit-3.8.1.jar
7fb7e8998000-7fb7e899a000 r--s 00002000 fd:03 25322911                   /home/java/.m2/repository/org/codehaus/plexus/plexus-interactivity-api/1.0-alpha-4/plexus-interactivity-api-1.0-alpha-4.jar
7fb7e899a000-7fb7e899c000 r--s 00006000 fd:03 51969624                   /home/java/.m2/repository/commons-cli/commons-cli/1.0/commons-cli-1.0.jar
7fb7e899c000-7fb7e899d000 r--s 00001000 fd:03 51969621                   /home/java/.m2/repository/org/apache/maven/doxia/doxia-sink-api/1.0-alpha-7/doxia-sink-api-1.0-alpha-7.jar
7fb7e899d000-7fb7e899e000 r--s 00002000 fd:03 10503883                   /home/java/.m2/repository/org/apache/maven/reporting/maven-reporting-api/2.0.6/maven-reporting-api-2.0.6.jar
7fb7e899e000-7fb7e89a0000 r--s 00006000 fd:03 8390086                    /home/java/.m2/repository/org/apache/maven/plugins/maven-resources-plugin/2.6/maven-resources-plugin-2.6.jar
7fb7e89a0000-7fb7e89a4000 r--s 00034000 fd:03 50631726                   /home/java/.m2/repository/org/codehaus/plexus/plexus-utils/3.0/plexus-utils-3.0.jar
7fb7e89a4000-7fb7e89b5000 r-xp 00000000 fd:03 50487596                   /home/java/jdk1.8.0_201/jre/lib/amd64/libnio.so
7fb7e89b5000-7fb7e8bb4000 ---p 00011000 fd:03 50487596                   /home/java/jdk1.8.0_201/jre/lib/amd64/libnio.so
7fb7e8bb4000-7fb7e8bb5000 r--p 00010000 fd:03 50487596                   /home/java/jdk1.8.0_201/jre/lib/amd64/libnio.so
7fb7e8bb5000-7fb7e8bb6000 rw-p 00011000 fd:03 50487596                   /home/java/jdk1.8.0_201/jre/lib/amd64/libnio.so
7fb7e8bb6000-7fb7e8bcc000 r-xp 00000000 fd:03 50487593                   /home/java/jdk1.8.0_201/jre/lib/amd64/libnet.so
7fb7e8bcc000-7fb7e8dcc000 ---p 00016000 fd:03 50487593                   /home/java/jdk1.8.0_201/jre/lib/amd64/libnet.so
7fb7e8dcc000-7fb7e8dcd000 r--p 00016000 fd:03 50487593                   /home/java/jdk1.8.0_201/jre/lib/amd64/libnet.so
7fb7e8dcd000-7fb7e8dce000 rw-p 00017000 fd:03 50487593                   /home/java/jdk1.8.0_201/jre/lib/amd64/libnet.so
7fb7e8dce000-7fb7e8fce000 rw-p 00000000 00:00 0 
7fb7e8fce000-7fb7e91ce000 rw-p 00000000 00:00 0 
7fb7e91ce000-7fb7e93ce000 rw-p 00000000 00:00 0 
7fb7e93ce000-7fb7e93d0000 r-xp 00000000 fd:00 135046                     /usr/lib64/libutil-2.17.so
7fb7e93d0000-7fb7e95cf000 ---p 00002000 fd:00 135046                     /usr/lib64/libutil-2.17.so
7fb7e95cf000-7fb7e95d0000 r--p 00001000 fd:00 135046                     /usr/lib64/libutil-2.17.so
7fb7e95d0000-7fb7e95d1000 rw-p 00002000 fd:00 135046                     /usr/lib64/libutil-2.17.so
7fb7e95d1000-7fb7e95d4000 r-xp 00000000 fd:03 59102746                   /home/java/apache-maven-3.6.0/lib/jansi-native/linux64/libjansi.so
7fb7e95d4000-7fb7e97d3000 ---p 00003000 fd:03 59102746                   /home/java/apache-maven-3.6.0/lib/jansi-native/linux64/libjansi.so
7fb7e97d3000-7fb7e97d4000 rw-p 00002000 fd:03 59102746                   /home/java/apache-maven-3.6.0/lib/jansi-native/linux64/libjansi.so
7fb7e97d4000-7fb7e97d5000 ---p 00000000 00:00 0 
7fb7e97d5000-7fb7e98d5000 rw-p 00000000 00:00 0 
7fb7e98d5000-7fb7e98d8000 ---p 00000000 00:00 0 
7fb7e98d8000-7fb7e99d6000 rw-p 00000000 00:00 0 
7fb7e99d6000-7fb7e99da000 ---p 00000000 00:00 0 
7fb7e99da000-7fb7e9ad7000 rw-p 00000000 00:00 0 
7fb7e9ad7000-7fb7f0000000 r--p 00000000 fd:00 182482                     /usr/lib/locale/locale-archive
7fb7f0000000-7fb7f0021000 rw-p 00000000 00:00 0 
7fb7f0021000-7fb7f4000000 ---p 00000000 00:00 0 
7fb7f4000000-7fb7f4021000 rw-p 00000000 00:00 0 
7fb7f4021000-7fb7f8000000 ---p 00000000 00:00 0 
7fb7f8000000-7fb7f8021000 rw-p 00000000 00:00 0 
7fb7f8021000-7fb7fc000000 ---p 00000000 00:00 0 
7fb7fc000000-7fb7fc29d000 rw-p 00000000 00:00 0 
7fb7fc29d000-7fb800000000 ---p 00000000 00:00 0 
7fb800000000-7fb800021000 rw-p 00000000 00:00 0 
7fb800021000-7fb804000000 ---p 00000000 00:00 0 
7fb804000000-7fb804002000 r--s 00005000 fd:03 11705871                   /home/java/.m2/repository/org/apache/maven/plugins/maven-clean-plugin/2.5/maven-clean-plugin-2.5.jar
7fb804002000-7fb804006000 r--s 000a1000 fd:03 1079627                    /home/java/jdk1.8.0_201/jre/lib/jsse.jar
7fb804006000-7fb804008000 r--s 0000d000 fd:03 25214766                   /home/java/netbeans-8.2/java/maven-nblib/netbeans-eventspy.jar
7fb804008000-7fb804012000 r--s 00116000 fd:03 33556844                   /home/java/jdk1.8.0_201/jre/lib/ext/localedata.jar
7fb804012000-7fb80402e000 r--s 00393000 fd:03 33556837                   /home/java/jdk1.8.0_201/jre/lib/ext/cldrdata.jar
7fb80402e000-7fb804032000 r--s 00042000 fd:03 17396599                   /home/java/apache-maven-3.6.0/lib/jansi-1.17.1.jar
7fb804032000-7fb804033000 r--s 00005000 fd:03 17396598                   /home/java/apache-maven-3.6.0/lib/maven-slf4j-provider-3.6.0.jar
7fb804033000-7fb804035000 r--s 00006000 fd:03 17396597                   /home/java/apache-maven-3.6.0/lib/maven-resolver-transport-wagon-1.3.1.jar
7fb804035000-7fb804037000 r--s 00009000 fd:03 17396596                   /home/java/apache-maven-3.6.0/lib/maven-resolver-connector-basic-1.3.1.jar
7fb804037000-7fb804038000 r--s 00002000 fd:03 17396595                   /home/java/apache-maven-3.6.0/lib/wagon-file-3.2.0.jar
7fb804038000-7fb80403a000 r--s 00003000 fd:03 17396594                   /home/java/apache-maven-3.6.0/lib/jcl-over-slf4j-1.7.25.jar
7fb80403a000-7fb804067000 r--s 001df000 fd:03 17396593                   /home/java/apache-maven-3.6.0/lib/wagon-http-3.2.0-shaded.jar
7fb804067000-7fb804069000 r--s 0000c000 fd:03 17396592                   /home/java/apache-maven-3.6.0/lib/wagon-provider-api-3.2.0.jar
7fb804069000-7fb804070000 r--s 00041000 fd:03 17396591                   /home/java/apache-maven-3.6.0/lib/maven-compat-3.6.0.jar
7fb804070000-7fb804072000 r--s 0000c000 fd:03 17396590                   /home/java/apache-maven-3.6.0/lib/commons-cli-1.4.jar
7fb804072000-7fb804074000 r--s 00001000 fd:03 17261598                   /home/java/apache-maven-3.6.0/lib/j2objc-annotations-1.1.jar
7fb804074000-7fb804076000 r--s 00002000 fd:03 17261581                   /home/java/apache-maven-3.6.0/lib/error_prone_annotations-2.1.3.jar
7fb804076000-7fb804078000 r--s 00006000 fd:03 17113290                   /home/java/apache-maven-3.6.0/lib/checker-compat-qual-2.0.0.jar
7fb804078000-7fb80407a000 r--s 00003000 fd:03 17113289                   /home/java/apache-maven-3.6.0/lib/jsr305-3.0.2.jar
7fb80407a000-7fb8040aa000 r--s 00249000 fd:03 17113288                   /home/java/apache-maven-3.6.0/lib/guava-25.1-android.jar
7fb8040aa000-7fb8040ac000 r--s 00000000 fd:03 17113287                   /home/java/apache-maven-3.6.0/lib/aopalliance-1.0.jar
7fb8040ac000-7fb8040b7000 r--s 00075000 fd:03 17113275                   /home/java/apache-maven-3.6.0/lib/guice-4.2.1-no_aop.jar
7fb8040b7000-7fb8040bb000 r--s 0002f000 fd:03 17113274                   /home/java/apache-maven-3.6.0/lib/commons-io-2.5.jar
7fb8040bb000-7fb8040be000 r--s 00026000 fd:03 17113273                   /home/java/apache-maven-3.6.0/lib/maven-shared-utils-3.2.1.jar
7fb8040be000-7fb8040c0000 r--s 00009000 fd:03 17113255                   /home/java/apache-maven-3.6.0/lib/slf4j-api-1.7.25.jar
7fb8040c0000-7fb8040c4000 r--s 00029000 fd:03 17113253                   /home/java/apache-maven-3.6.0/lib/maven-resolver-impl-1.3.1.jar
7fb8040c4000-7fb8040c9000 r--s 00023000 fd:03 17113251                   /home/java/apache-maven-3.6.0/lib/maven-resolver-util-1.3.1.jar
7fb8040c9000-7fb8040cc000 r--s 00007000 fd:03 17113250                   /home/java/apache-maven-3.6.0/lib/maven-resolver-spi-1.3.1.jar
7fb8040cc000-7fb8040d1000 r--s 00020000 fd:03 17113249                   /home/java/apache-maven-3.6.0/lib/maven-resolver-api-1.3.1.jar
7fb8040d1000-7fb8040d6000 r--s 00027000 fd:03 17082527                   /home/java/apache-maven-3.6.0/lib/maven-model-builder-3.6.0.jar
7fb8040d6000-7fb8040dd000 r--s 00056000 fd:03 17082524                   /home/java/apache-maven-3.6.0/lib/org.eclipse.sisu.inject-0.3.3.jar
7fb8040dd000-7fb8040e3000 r--s 0002d000 fd:03 17082520                   /home/java/apache-maven-3.6.0/lib/org.eclipse.sisu.plexus-0.3.3.jar
7fb8040e3000-7fb8040eb000 r--s 00073000 fd:03 17082512                   /home/java/apache-maven-3.6.0/lib/commons-lang3-3.8.1.jar
7fb8040eb000-7fb8040f8000 r--s 0008e000 fd:03 17082508                   /home/java/apache-maven-3.6.0/lib/maven-core-3.6.0.jar
7fb8040f8000-7fb8040fc000 ---p 00000000 00:00 0 
7fb8040fc000-7fb8041f9000 rw-p 00000000 00:00 0 
7fb8041f9000-7fb8041fc000 ---p 00000000 00:00 0 
7fb8041fc000-7fb8042fa000 rw-p 00000000 00:00 0 
7fb8042fa000-7fb8042fd000 ---p 00000000 00:00 0 
7fb8042fd000-7fb8043fb000 rw-p 00000000 00:00 0 
7fb8043fb000-7fb8043fe000 ---p 00000000 00:00 0 
7fb8043fe000-7fb8044fc000 rw-p 00000000 00:00 0 
7fb8044fc000-7fb8044fd000 ---p 00000000 00:00 0 
7fb8044fd000-7fb804e26000 rw-p 00000000 00:00 0 
7fb804e26000-7fb805000000 r--s 03d6f000 fd:03 1079612                    /home/java/jdk1.8.0_201/jre/lib/rt.jar
7fb805000000-7fb805870000 rwxp 00000000 00:00 0 
7fb805870000-7fb814000000 ---p 00000000 00:00 0 
7fb814000000-7fb815084000 rw-p 00000000 00:00 0 
7fb815084000-7fb818000000 ---p 00000000 00:00 0 
7fb818000000-7fb818001000 r--s 00000000 fd:03 17396589                   /home/java/apache-maven-3.6.0/lib/animal-sniffer-annotations-1.14.jar
7fb818001000-7fb818003000 r--s 0000f000 fd:03 17113248                   /home/java/apache-maven-3.6.0/lib/maven-resolver-provider-3.6.0.jar
7fb818003000-7fb818004000 r--s 00000000 fd:03 17082523                   /home/java/apache-maven-3.6.0/lib/javax.inject-1.jar
7fb818004000-7fb818005000 r--s 00001000 fd:03 17082522                   /home/java/apache-maven-3.6.0/lib/jsr250-api-1.0.jar
7fb818005000-7fb819a25000 rw-p 00000000 00:00 0 
7fb819a25000-7fb819a26000 ---p 00000000 00:00 0 
7fb819a26000-7fb819b26000 rw-p 00000000 00:00 0 
7fb819b26000-7fb819b27000 ---p 00000000 00:00 0 
7fb819b27000-7fb819c31000 rw-p 00000000 00:00 0 
7fb819c31000-7fb819cc5000 ---p 00000000 00:00 0 
7fb819cc5000-7fb819ceb000 rw-p 00000000 00:00 0 
7fb819ceb000-7fb819d14000 ---p 00000000 00:00 0 
7fb819d14000-7fb819d37000 rw-p 00000000 00:00 0 
7fb819d37000-7fb81a0d5000 ---p 00000000 00:00 0 
7fb81a0d5000-7fb81a0f0000 r-xp 00000000 fd:03 50487589                   /home/java/jdk1.8.0_201/jre/lib/amd64/libzip.so
7fb81a0f0000-7fb81a2ef000 ---p 0001b000 fd:03 50487589                   /home/java/jdk1.8.0_201/jre/lib/amd64/libzip.so
7fb81a2ef000-7fb81a2f0000 r--p 0001a000 fd:03 50487589                   /home/java/jdk1.8.0_201/jre/lib/amd64/libzip.so
7fb81a2f0000-7fb81a2f1000 rw-p 0001b000 fd:03 50487589                   /home/java/jdk1.8.0_201/jre/lib/amd64/libzip.so
7fb81a2f1000-7fb81a2fd000 r-xp 00000000 fd:00 182496                     /usr/lib64/libnss_files-2.17.so
7fb81a2fd000-7fb81a4fc000 ---p 0000c000 fd:00 182496                     /usr/lib64/libnss_files-2.17.so
7fb81a4fc000-7fb81a4fd000 r--p 0000b000 fd:00 182496                     /usr/lib64/libnss_files-2.17.so
7fb81a4fd000-7fb81a4fe000 rw-p 0000c000 fd:00 182496                     /usr/lib64/libnss_files-2.17.so
7fb81a4fe000-7fb81a504000 rw-p 00000000 00:00 0 
7fb81a504000-7fb81a530000 r-xp 00000000 fd:03 50487583                   /home/java/jdk1.8.0_201/jre/lib/amd64/libjava.so
7fb81a530000-7fb81a730000 ---p 0002c000 fd:03 50487583                   /home/java/jdk1.8.0_201/jre/lib/amd64/libjava.so
7fb81a730000-7fb81a731000 r--p 0002c000 fd:03 50487583                   /home/java/jdk1.8.0_201/jre/lib/amd64/libjava.so
7fb81a731000-7fb81a733000 rw-p 0002d000 fd:03 50487583                   /home/java/jdk1.8.0_201/jre/lib/amd64/libjava.so
7fb81a733000-7fb81a740000 r-xp 00000000 fd:03 50487588                   /home/java/jdk1.8.0_201/jre/lib/amd64/libverify.so
7fb81a740000-7fb81a93f000 ---p 0000d000 fd:03 50487588                   /home/java/jdk1.8.0_201/jre/lib/amd64/libverify.so
7fb81a93f000-7fb81a941000 r--p 0000c000 fd:03 50487588                   /home/java/jdk1.8.0_201/jre/lib/amd64/libverify.so
7fb81a941000-7fb81a942000 rw-p 0000e000 fd:03 50487588                   /home/java/jdk1.8.0_201/jre/lib/amd64/libverify.so
7fb81a942000-7fb81a949000 r-xp 00000000 fd:00 182502                     /usr/lib64/librt-2.17.so
7fb81a949000-7fb81ab48000 ---p 00007000 fd:00 182502                     /usr/lib64/librt-2.17.so
7fb81ab48000-7fb81ab49000 r--p 00006000 fd:00 182502                     /usr/lib64/librt-2.17.so
7fb81ab49000-7fb81ab4a000 rw-p 00007000 fd:00 182502                     /usr/lib64/librt-2.17.so
7fb81ab4a000-7fb81ac4b000 r-xp 00000000 fd:00 182490                     /usr/lib64/libm-2.17.so
7fb81ac4b000-7fb81ae4a000 ---p 00101000 fd:00 182490                     /usr/lib64/libm-2.17.so
7fb81ae4a000-7fb81ae4b000 r--p 00100000 fd:00 182490                     /usr/lib64/libm-2.17.so
7fb81ae4b000-7fb81ae4c000 rw-p 00101000 fd:00 182490                     /usr/lib64/libm-2.17.so
7fb81ae4c000-7fb81bb34000 r-xp 00000000 fd:03 1079642                    /home/java/jdk1.8.0_201/jre/lib/amd64/server/libjvm.so
7fb81bb34000-7fb81bd33000 ---p 00ce8000 fd:03 1079642                    /home/java/jdk1.8.0_201/jre/lib/amd64/server/libjvm.so
7fb81bd33000-7fb81bdc9000 r--p 00ce7000 fd:03 1079642                    /home/java/jdk1.8.0_201/jre/lib/amd64/server/libjvm.so
7fb81bdc9000-7fb81bdfa000 rw-p 00d7d000 fd:03 1079642                    /home/java/jdk1.8.0_201/jre/lib/amd64/server/libjvm.so
7fb81bdfa000-7fb81be35000 rw-p 00000000 00:00 0 
7fb81be35000-7fb81bff7000 r-xp 00000000 fd:00 133474                     /usr/lib64/libc-2.17.so
7fb81bff7000-7fb81c1f7000 ---p 001c2000 fd:00 133474                     /usr/lib64/libc-2.17.so
7fb81c1f7000-7fb81c1fb000 r--p 001c2000 fd:00 133474                     /usr/lib64/libc-2.17.so
7fb81c1fb000-7fb81c1fd000 rw-p 001c6000 fd:00 133474                     /usr/lib64/libc-2.17.so
7fb81c1fd000-7fb81c202000 rw-p 00000000 00:00 0 
7fb81c202000-7fb81c204000 r-xp 00000000 fd:00 182488                     /usr/lib64/libdl-2.17.so
7fb81c204000-7fb81c404000 ---p 00002000 fd:00 182488                     /usr/lib64/libdl-2.17.so
7fb81c404000-7fb81c405000 r--p 00002000 fd:00 182488                     /usr/lib64/libdl-2.17.so
7fb81c405000-7fb81c406000 rw-p 00003000 fd:00 182488                     /usr/lib64/libdl-2.17.so
7fb81c406000-7fb81c41d000 r-xp 00000000 fd:03 9496009                    /home/java/jdk1.8.0_201/lib/amd64/jli/libjli.so
7fb81c41d000-7fb81c61c000 ---p 00017000 fd:03 9496009                    /home/java/jdk1.8.0_201/lib/amd64/jli/libjli.so
7fb81c61c000-7fb81c61d000 r--p 00016000 fd:03 9496009                    /home/java/jdk1.8.0_201/lib/amd64/jli/libjli.so
7fb81c61d000-7fb81c61e000 rw-p 00017000 fd:03 9496009                    /home/java/jdk1.8.0_201/lib/amd64/jli/libjli.so
7fb81c61e000-7fb81c635000 r-xp 00000000 fd:00 134878                     /usr/lib64/libpthread-2.17.so
7fb81c635000-7fb81c834000 ---p 00017000 fd:00 134878                     /usr/lib64/libpthread-2.17.so
7fb81c834000-7fb81c835000 r--p 00016000 fd:00 134878                     /usr/lib64/libpthread-2.17.so
7fb81c835000-7fb81c836000 rw-p 00017000 fd:00 134878                     /usr/lib64/libpthread-2.17.so
7fb81c836000-7fb81c83a000 rw-p 00000000 00:00 0 
7fb81c83a000-7fb81c85c000 r-xp 00000000 fd:00 134063                     /usr/lib64/ld-2.17.so
7fb81c85c000-7fb81c85f000 r--s 00008000 fd:03 17082521                   /home/java/apache-maven-3.6.0/lib/cdi-api-1.0.jar
7fb81c85f000-7fb81c861000 r--s 0000a000 fd:03 17082517                   /home/java/apache-maven-3.6.0/lib/maven-plugin-api-3.6.0.jar
7fb81c861000-7fb81c863000 r--s 0000c000 fd:03 17082511                   /home/java/apache-maven-3.6.0/lib/maven-artifact-3.6.0.jar
7fb81c863000-7fb81c864000 r--s 00006000 fd:03 17082510                   /home/java/apache-maven-3.6.0/lib/maven-repository-metadata-3.6.0.jar
7fb81c864000-7fb81c866000 r--s 00027000 fd:03 17082509                   /home/java/apache-maven-3.6.0/lib/maven-model-3.6.0.jar
7fb81c866000-7fb81c868000 r--s 00002000 fd:03 17082507                   /home/java/apache-maven-3.6.0/lib/plexus-cipher-1.7.jar
7fb81c868000-7fb81c869000 r--s 00006000 fd:03 17082506                   /home/java/apache-maven-3.6.0/lib/plexus-sec-dispatcher-1.4.jar
7fb81c869000-7fb81c86b000 r--s 00000000 fd:03 17082505                   /home/java/apache-maven-3.6.0/lib/plexus-component-annotations-1.7.1.jar
7fb81c86b000-7fb81c86e000 r--s 00012000 fd:03 17082504                   /home/java/apache-maven-3.6.0/lib/plexus-interpolation-1.25.jar
7fb81c86e000-7fb81c870000 r--s 00009000 fd:03 17082502                   /home/java/apache-maven-3.6.0/lib/maven-settings-builder-3.6.0.jar
7fb81c870000-7fb81c874000 r--s 0003c000 fd:03 17082501                   /home/java/apache-maven-3.6.0/lib/plexus-utils-3.1.0.jar
7fb81c874000-7fb81c877000 r--s 00016000 fd:03 17082499                   /home/java/apache-maven-3.6.0/lib/maven-embedder-3.6.0.jar
7fb81c877000-7fb81c8a9000 rw-p 00000000 00:00 0 
7fb81c8a9000-7fb81c93d000 ---p 00000000 00:00 0 
7fb81c93d000-7fb81c941000 ---p 00000000 00:00 0 
7fb81c941000-7fb81ca42000 rw-p 00000000 00:00 0 
7fb81ca42000-7fb81ca43000 r--s 00003000 fd:03 17082503                   /home/java/apache-maven-3.6.0/lib/maven-builder-support-3.6.0.jar
7fb81ca43000-7fb81ca44000 r--s 0000a000 fd:03 17082500                   /home/java/apache-maven-3.6.0/lib/maven-settings-3.6.0.jar
7fb81ca44000-7fb81ca46000 r--s 0000b000 fd:03 59102748                   /home/java/apache-maven-3.6.0/boot/plexus-classworlds-2.5.2.jar
7fb81ca46000-7fb81ca50000 rw-p 00000000 00:00 0 
7fb81ca50000-7fb81ca58000 rw-s 00000000 fd:03 8457802                    /home/java/.moved-tmp/hsperfdata_java/9670
7fb81ca58000-7fb81ca59000 rw-p 00000000 00:00 0 
7fb81ca59000-7fb81ca5a000 ---p 00000000 00:00 0 
7fb81ca5a000-7fb81ca5b000 rw-p 00000000 00:00 0 
7fb81ca5b000-7fb81ca5c000 r--p 00021000 fd:00 134063                     /usr/lib64/ld-2.17.so
7fb81ca5c000-7fb81ca5d000 rw-p 00022000 fd:00 134063                     /usr/lib64/ld-2.17.so
7fb81ca5d000-7fb81ca5e000 rw-p 00000000 00:00 0 
7ffc0fc24000-7ffc0fc45000 rw-p 00000000 00:00 0                          [stack]
7ffc0fdbf000-7ffc0fdc1000 r-xp 00000000 00:00 0                          [vdso]
ffffffffff600000-ffffffffff601000 r-xp 00000000 00:00 0                  [vsyscall]

VM Arguments:
jvm_args: -Dclassworlds.conf=/home/java/maven/bin/m2.conf -Dmaven.home=/home/java/maven -Dlibrary.jansi.path=/home/java/maven/lib/jansi-native -Dmaven.multiModuleProjectDirectory=/home/java/NetBeansProjects/test-repo 
java_command: org.codehaus.plexus.classworlds.launcher.Launcher -Dmaven.ext.class.path=/home/java/netbeans-8.2/java/maven-nblib/netbeans-eventspy.jar clean install
java_class_path (initial): /home/java/maven/boot/plexus-classworlds-2.5.2.jar
Launcher Type: SUN_STANDARD

Environment Variables:
JAVA_HOME=/home/java/jdk8
PATH=/usr/local/bin:/usr/local/sbin:/usr/bin:/usr/sbin:/bin:/sbin
USERNAME=java
LD_LIBRARY_PATH=/home/java/jdk8/jre/lib/amd64:/home/java/jdk8/jre/lib/i386:
SHELL=/bin/bash
DISPLAY=:0.0

Signal Handlers:
SIGSEGV: [libjvm.so+0xad3e60], sa_mask[0]=11111111011111111101111111111110, sa_flags=SA_RESTART|SA_SIGINFO
SIGBUS: [libjvm.so+0xad3e60], sa_mask[0]=11111111011111111101111111111110, sa_flags=SA_RESTART|SA_SIGINFO
SIGFPE: [libjvm.so+0x90b880], sa_mask[0]=11111111011111111101111111111110, sa_flags=SA_RESTART|SA_SIGINFO
SIGPIPE: [libjvm.so+0x90b880], sa_mask[0]=11111111011111111101111111111110, sa_flags=SA_RESTART|SA_SIGINFO
SIGXFSZ: [libjvm.so+0x90b880], sa_mask[0]=11111111011111111101111111111110, sa_flags=SA_RESTART|SA_SIGINFO
SIGILL: [libjvm.so+0x90b880], sa_mask[0]=11111111011111111101111111111110, sa_flags=SA_RESTART|SA_SIGINFO
SIGUSR1: SIG_DFL, sa_mask[0]=00000000000000000000000000000000, sa_flags=none
SIGUSR2: [libjvm.so+0x90b750], sa_mask[0]=00100000000000000000000000000000, sa_flags=SA_RESTART|SA_SIGINFO
SIGHUP: [libjvm.so+0x90bd70], sa_mask[0]=11111111011111111101111111111110, sa_flags=SA_RESTART|SA_SIGINFO
SIGINT: SIG_IGN, sa_mask[0]=00000000000000000000000000000000, sa_flags=none
SIGTERM: [libjvm.so+0x90bd70], sa_mask[0]=11111111011111111101111111111110, sa_flags=SA_RESTART|SA_SIGINFO
SIGQUIT: [libjvm.so+0x90bd70], sa_mask[0]=11111111011111111101111111111110, sa_flags=SA_RESTART|SA_SIGINFO


---------------  S Y S T E M  ---------------

OS:CentOS Linux release 7.6.1810 (Core) 

uname:Linux 3.10.0-862.11.6.el7.x86_64 #1 SMP Tue Aug 14 21:49:04 UTC 2018 x86_64
libc:glibc 2.17 NPTL 2.17 
rlimit: STACK 8192k, CORE 0k, NPROC 4096, NOFILE 4096, AS infinity
load average:6,06 2,46 1,37

/proc/meminfo:
MemTotal:        1941032 kB
MemFree:           52576 kB
MemAvailable:       1192 kB
Buffers:             152 kB
Cached:            30084 kB
SwapCached:         1564 kB
Active:          1312640 kB
Inactive:         448880 kB
Active(anon):    1304700 kB
Inactive(anon):   437412 kB
Active(file):       7940 kB
Inactive(file):    11468 kB
Unevictable:          32 kB
Mlocked:              32 kB
SwapTotal:       1048572 kB
SwapFree:              0 kB
Dirty:                 4 kB
Writeback:            28 kB
AnonPages:       1729980 kB
Mapped:             3000 kB
Shmem:             10700 kB
Slab:              55212 kB
SReclaimable:      27984 kB
SUnreclaim:        27228 kB
KernelStack:       10832 kB
PageTables:        32552 kB
NFS_Unstable:          0 kB
Bounce:                0 kB
WritebackTmp:          0 kB
CommitLimit:     2019088 kB
Committed_AS:    5294444 kB
VmallocTotal:   34359738367 kB
VmallocUsed:       30072 kB
VmallocChunk:   34359697400 kB
HardwareCorrupted:     0 kB
AnonHugePages:    143360 kB
CmaTotal:              0 kB
CmaFree:               0 kB
HugePages_Total:       0
HugePages_Free:        0
HugePages_Rsvd:        0
HugePages_Surp:        0
Hugepagesize:       2048 kB
DirectMap4k:       77760 kB
DirectMap2M:     1912832 kB

container (cgroup) information:
container_type: cgroupv1
cpu_cpuset_cpus: 0-1
cpu_memory_nodes: 0
